2023-11-14 10:07:44,166 INFO o.a.j.u.JMeterUtils: Setting Locale to en_EN
2023-11-14 10:07:44,616 INFO o.a.j.JMeter: Loading user properties from: user.properties
2023-11-14 10:07:44,616 INFO o.a.j.JMeter: Loading system properties from: system.properties
2023-11-14 10:07:44,623 INFO o.a.j.JMeter: Copyright (c) 1998-2023 The Apache Software Foundation
2023-11-14 10:07:44,623 INFO o.a.j.JMeter: Version 5.6.2
2023-11-14 10:07:44,623 INFO o.a.j.JMeter: java.version=11.0.20.1
2023-11-14 10:07:44,623 INFO o.a.j.JMeter: java.vm.name=OpenJDK 64-Bit Server VM
2023-11-14 10:07:44,624 INFO o.a.j.JMeter: os.name=Linux
2023-11-14 10:07:44,624 INFO o.a.j.JMeter: os.arch=amd64
2023-11-14 10:07:44,624 INFO o.a.j.JMeter: os.version=5.15.0-84-generic
2023-11-14 10:07:44,624 INFO o.a.j.JMeter: file.encoding=UTF-8
2023-11-14 10:07:44,624 INFO o.a.j.JMeter: java.awt.headless=null
2023-11-14 10:07:44,624 INFO o.a.j.JMeter: Max memory     =1073741824
2023-11-14 10:07:44,624 INFO o.a.j.JMeter: Available Processors =8
2023-11-14 10:07:44,632 INFO o.a.j.JMeter: Default Locale=English (EN)
2023-11-14 10:07:44,632 INFO o.a.j.JMeter: JMeter  Locale=English (EN)
2023-11-14 10:07:44,633 INFO o.a.j.JMeter: JMeterHome=/home/pasala.surendra_oli@npci.org.in/Downloads/apache-jmeter-5.6.2
2023-11-14 10:07:44,633 INFO o.a.j.JMeter: user.dir  =/home/pasala.surendra_oli@npci.org.in/Downloads/apache-jmeter-5.6.2/bin
2023-11-14 10:07:44,633 INFO o.a.j.JMeter: PWD       =/home/pasala.surendra_oli@npci.org.in/Downloads/apache-jmeter-5.6.2/bin
2023-11-14 10:07:44,633 INFO o.a.j.JMeter: IP: 127.0.1.1 Name: HYDNALUVS0927 FullName: HYDNALUVS0927
2023-11-14 10:07:44,642 INFO o.a.j.JMeter: Loaded icon properties from org/apache/jmeter/images/icon.properties
2023-11-14 10:07:45,423 INFO o.a.j.JMeterGuiLauncher: Setting LAF to: com.github.weisj.darklaf.DarkLaf:com.github.weisj.darklaf.theme.DarculaTheme
2023-11-14 10:09:26,853 INFO o.a.j.s.FileServer: Default base='/home/pasala.surendra_oli@npci.org.in/Downloads/apache-jmeter-5.6.2/bin'
2023-11-14 10:09:26,855 INFO o.a.j.g.a.Load: Loading file: /home/pasala.surendra_oli@npci.org.in/Downloads/R-CBDC.jmx
2023-11-14 10:09:26,855 INFO o.a.j.s.FileServer: Set new base='/home/pasala.surendra_oli@npci.org.in/Downloads'
2023-11-14 10:09:27,014 INFO o.a.j.s.SaveService: Testplan (JMX) version: 2.2. Testlog (JTL) version: 2.2
2023-11-14 10:09:27,024 INFO o.a.j.s.SaveService: Using SaveService properties version 5.0
2023-11-14 10:09:27,025 INFO o.a.j.s.SaveService: Using SaveService properties file encoding UTF-8
2023-11-14 10:09:27,027 INFO o.a.j.s.SaveService: Loading file: /home/pasala.surendra_oli@npci.org.in/Downloads/R-CBDC.jmx
2023-11-14 10:09:27,064 INFO o.a.j.p.h.c.CookieManager: Settings: Delete null: true Check: true Allow variable: true Save: false Prefix: COOKIE_
2023-11-14 10:09:27,068 INFO o.a.j.p.h.s.HTTPSamplerBase: Parser for text/html is org.apache.jmeter.protocol.http.parser.LagartoBasedHtmlParser
2023-11-14 10:09:27,068 INFO o.a.j.p.h.s.HTTPSamplerBase: Parser for application/xhtml+xml is org.apache.jmeter.protocol.http.parser.LagartoBasedHtmlParser
2023-11-14 10:09:27,068 INFO o.a.j.p.h.s.HTTPSamplerBase: Parser for application/xml is org.apache.jmeter.protocol.http.parser.LagartoBasedHtmlParser
2023-11-14 10:09:27,068 INFO o.a.j.p.h.s.HTTPSamplerBase: Parser for text/xml is org.apache.jmeter.protocol.http.parser.LagartoBasedHtmlParser
2023-11-14 10:09:27,068 INFO o.a.j.p.h.s.HTTPSamplerBase: Parser for text/vnd.wap.wml is org.apache.jmeter.protocol.http.parser.RegexpHTMLParser
2023-11-14 10:09:27,068 INFO o.a.j.p.h.s.HTTPSamplerBase: Parser for text/css is org.apache.jmeter.protocol.http.parser.CssParser
2023-11-14 10:09:27,162 INFO o.a.j.s.SampleResult: Note: Sample TimeStamps are START times
2023-11-14 10:09:27,163 INFO o.a.j.s.SampleResult: sampleresult.default.encoding is set to UTF-8
2023-11-14 10:09:27,163 INFO o.a.j.s.SampleResult: sampleresult.useNanoTime=true
2023-11-14 10:09:27,163 INFO o.a.j.s.SampleResult: sampleresult.nanoThreadSleep=5000
2023-11-14 10:09:28,042 INFO o.a.j.s.FileServer: Set new base='/home/pasala.surendra_oli@npci.org.in/Downloads'
